[debug] [2020-03-21T14:40:47.373Z] ----------------------------------------------------------------------
[debug] [2020-03-21T14:40:47.376Z] Command:       C:\Program Files\nodejs\node.exe C:\Users\goswa\AppData\Roaming\npm\node_modules\firebase-tools\lib\bin\firebase.js deploy
[debug] [2020-03-21T14:40:47.376Z] CLI Version:   7.15.1
[debug] [2020-03-21T14:40:47.376Z] Platform:      win32
[debug] [2020-03-21T14:40:47.376Z] Node Version:  v12.14.1
[debug] [2020-03-21T14:40:47.377Z] Time:          Sat Mar 21 2020 20:10:47 GMT+0530 (India Standard Time)
[debug] [2020-03-21T14:40:47.377Z] ----------------------------------------------------------------------
[debug] [2020-03-21T14:40:47.377Z] 
[debug] [2020-03-21T14:40:47.385Z] > command requires scopes: ["email","openid","https://www.googleapis.com/auth/cloudplatformprojects.readonly","https://www.googleapis.com/auth/firebase","https://www.googleapis.com/auth/cloud-platform"]
[debug] [2020-03-21T14:40:47.385Z] > authorizing via signed-in user
[debug] [2020-03-21T14:40:47.385Z] [iam] checking project shopper-cart for permissions ["firebase.projects.get","firebasehosting.sites.update"]
[debug] [2020-03-21T14:40:47.387Z] >>> HTTP REQUEST POST https://cloudresourcemanager.googleapis.com/v1/projects/shopper-cart:testIamPermissions  

[debug] [2020-03-21T14:40:47.942Z] <<< HTTP RESPONSE 200
[debug] [2020-03-21T14:40:47.945Z] >>> HTTP REQUEST GET https://firebase.googleapis.com/v1beta1/projects/shopper-cart  
 
[debug] [2020-03-21T14:40:48.804Z] <<< HTTP RESPONSE 200
[info] 
[info] === Deploying to 'shopper-cart'...
[info] 
[info] i  deploying hosting
[debug] [2020-03-21T14:40:48.809Z] >>> HTTP REQUEST POST https://firebasehosting.googleapis.com/v1beta1/sites/shopper-cart/versions  

